This file contains any messages produced by compilers while
running configure, to aid debugging if configure makes a mistake.

configure:728: checking for a BSD compatible install
configure:781: checking whether build environment is sane
configure:838: checking whether make sets ${MAKE}
configure:884: checking for working aclocal-1.4
configure:897: checking for working autoconf
configure:910: checking for working automake-1.4
configure:923: checking for working autoheader
configure:936: checking for working makeinfo
configure:952: checking for gcc
configure:1065: checking whether the C compiler (gcc  ) works
configure:1081: gcc -o conftest  -I/home/jdutheil/local/include  conftest.c  1>&5
configure:1107: checking whether the C compiler (gcc  ) is a cross-compiler
configure:1112: checking whether we are using GNU C
configure:1140: checking whether gcc accepts -g
configure:1176: checking for c++
configure:1208: checking whether the C++ compiler (c++  ) works
configure:1224: c++ -o conftest  -I/home/jdutheil/local/include  conftest.C  1>&5
configure:1250: checking whether the C++ compiler (c++  ) is a cross-compiler
configure:1255: checking whether we are using GNU C++
configure:1283: checking whether c++ accepts -g
configure:1326: checking for a BSD compatible install
configure:1390: checking for Cygwin environment
configure:1423: checking for mingw32 environment
configure:1452: checking how to run the C preprocessor
configure:1607: checking host system type
configure:1628: checking build system type
configure:1657: checking for ld used by GCC
configure:1725: checking if the linker (/usr/bin/ld) is GNU ld
configure:1742: checking for /usr/bin/ld option to reload object files
configure:1754: checking for BSD-compatible nm
configure:1792: checking for a sed that does not truncate output
configure:1876: checking whether ln -s works
configure:1897: checking how to recognise dependent libraries
configure:2083: checking for object suffix
configure:2109: checking for executable suffix
configure:2150: checking command to parse /usr/bin/nm -B output
configure:2336: checking for dlfcn.h
configure:2515: checking for ranlib
configure:2582: checking for strip
configure:2684: gcc -c -g -O2 -I/home/jdutheil/local/include conftest.c 1>&5
configure:2839: checking for objdir
configure:2866: checking for gcc option to produce PIC
configure:3014: checking if gcc PIC flag      -fPIC works
configure:3080: checking if gcc static flag  works
configure:3122: checking if gcc supports -c -o file.o
configure:3170: checking if gcc supports -c -o file.lo
configure:3238: checking if gcc supports -fno-rtti -fno-exceptions
configure:3251: gcc -c -g -O2 -fno-rtti -fno-exceptions -c conftest.c -I/home/jdutheil/local/include conftest.c 1>&5
cc1: warning: "-fno-rtti" is valid for C++ but not for C/ObjC
cc1: warning: "-fno-rtti" is valid for C++ but not for C/ObjC
configure:3278: checking whether the linker (/usr/bin/ld) supports shared libraries
configure:3977: checking how to hardcode library paths into programs
configure:4005: checking whether stripping libraries is possible
configure:4019: checking dynamic linker characteristics
configure:4437: checking if libtool supports shared libraries
configure:4441: checking whether to build shared libraries
configure:4464: checking whether to build static libraries
configure:5000: checking whether -lc should be explicitly linked in
